# Downloading pre-built

## Checking installation

#### Plugin call: `load_versions`

**INPUT**:
```
{"context":{"proto_version":"0.58.2","temp_dir":{"path":"/temp/caddy","virtual_prefix":"/temp","real_prefix":"/root/.proto/temp"},"tool_dir":{"path":"/proto/tools","virtual_prefix":"/proto","real_prefix":"/root/.proto"},"version":"latest","working_dir":{"path":"/cwd/","virtual_prefix":"/cwd","real_prefix":"/home/user/habitat"}},"initial":"2.11.3"}
```

**OUTPUT**:
```
{"latest":"2.11.4","aliases":{"latest":"2.11.4"},"versions":["2.2.1","2.6.1","2.0.0-beta4","2.0.0-beta6","2.0.0-beta.20","2.4.6","2.1.1","2.2.0-rc.1","2.7.0-beta.2","2.7.1","0.7.2","2.11.0-beta.1","0.11.4","1.0.2","0.7.4","0.11.0","0.11.5","1.0.3","2.0.0-rc.2","2.10.0-beta.2","2.5.0-rc.1","2.6.0-beta.2","2.11.3","0.7.6","2.6.0-beta.5","0.10.3","2.6.0","2.8.4","2.9.1","2.8.0-beta.2","2.7.6","2.0.0-beta10","2.6.0-beta.1","2.9.0-beta.2","2.10.0","2.10.0-beta.4","0.10.11","1.0.1","2.4.1","0.10.0","2.0.0-beta11","0.5.1","2.4.5","2.8.0","2.1.0-beta.2","2.7.0","0.10.10","0.11.1","2.0.0-beta7","2.2.3","0.9.4","1.0.0-beta1","2.5.0-beta.1","2.8.0-rc.1","2.8.1","0.8.0","0.7.5","2.0.0-beta12","2.4.0","2.3.0-rc.2","2.4.0-beta.1","2.11.0","2.8.2","2.5.0","2.0.0-rc.1","2.4.0-beta.2","0.8.1","2.6.0-beta.4","0.10.6","0.10.2","0.7.0","0.11.3","2.0.0-beta.13","0.10.12","2.9.0","0.10.9","0.8.3","0.9.0","2.5.2","2.0.0-beta2","2.0.0-beta3","0.10.8","2.7.5","0.10.5","0.11.2","0.10.13","1.0.0","2.0.0-beta.15","2.0.0-beta.17","0.9.1","2.0.0-beta5","2.0.0-beta8","2.3.0","2.6.0-beta.3","2.11.2","2.0.0-beta9","2.8.3","2.1.0-beta.1","2.6.2","2.0.0-beta1","2.0.0-beta.18","2.2.0","2.4.2","2.0.0-beta.19","2.4.3","2.8.0-beta.1","2.7.2","0.5.0","2.11.0-beta.2","0.9.2","2.6.4","0.7.3","2.0.0-beta.14","2.10.0-beta.1","2.11.1","2.0.0","2.7.3","2.4.4","2.1.0","0.8.2","2.5.1","2.7.0-beta.1","0.7.1","2.10.2","1.0.0-beta2","1.0.5","0.10.7","2.2.0-rc.2","2.2.0-rc.3","2.9.0-beta.3","2.11.4","2.6.3","0.6.0","0.9.3","2.9.0-beta.1","0.10.14","0.10.4","2.3.0-beta.1","2.3.0-rc.1","0.9.5","2.0.0-rc.3","2.10.1","1.0.4","2.4.0-rc.1","2.0.0-beta.16","0.10.1","2.10.0-beta.3","2.7.4"]}
```

## Running pre-install hooks

## Installing tool

#### Plugin call: `download_prebuilt`

**INPUT**:
```
{"context":{"proto_version":"0.58.2","temp_dir":{"path":"/temp/caddy","virtual_prefix":"/temp","real_prefix":"/root/.proto/temp"},"tool_dir":{"path":"/proto/tools/caddy/2.11.3","virtual_prefix":"/proto","real_prefix":"/root/.proto"},"version":"2.11.3","working_dir":{"path":"/cwd/","virtual_prefix":"/cwd","real_prefix":"/home/user/habitat"}},"install_dir":{"path":"/proto/tools/caddy/2.11.3","virtual_prefix":"/proto","real_prefix":"/root/.proto"}}
```

**OUTPUT**:
```
{"checksum_name":"CHECKSUM.txt","download_name":"caddy_2.11.3_linux_amd64.tar.gz","download_url":"https://github.com/caddyserver/caddy/releases/download/v2.11.3/caddy_2.11.3_linux_amd64.tar.gz"}
```

# Failure

**ERROR**:
```
Failed to download file from https://github.com/caddyserver/caddy/releases/download/v2.11.3/caddy_2.11.3_linux_amd64.tar.gz (403 Forbidden).
```

