# Downloading pre-built

## Checking installation

#### Plugin call: `load_versions`

**INPUT**:
```
{"context":{"proto_version":"0.58.2","temp_dir":{"path":"/temp/golangci-lint","virtual_prefix":"/temp","real_prefix":"/root/.proto/temp"},"tool_dir":{"path":"/proto/tools","virtual_prefix":"/proto","real_prefix":"/root/.proto"},"version":"latest","working_dir":{"path":"/cwd/","virtual_prefix":"/cwd","real_prefix":"/home/user/habitat"}},"initial":"2.12.2"}
```

**OUTPUT**:
```
{"latest":"2.12.2","aliases":{"latest":"2.12.2"},"versions":["1.22.2","1.48.0","1.26.0","1.3.5","1.24.0","1.52.1","1.50.0","1.38.0","1.13.1","1.12.1","1.23.6","1.23.3","1.64.3","2.9.0","1.11.2","1.18.0","1.23.0","1.35.0","2.2.1","1.63.2","2.1.6","2.11.1","1.61.0","1.37.0","1.46.0","1.2.1","1.33.2","2.0.0","1.56.0","1.16.0","2.11.2","1.9.1","1.14.0","1.19.0","1.21.0","1.32.1","1.44.2","1.11.3","1.53.3","2.10.1","2.11.3","1.37.1","2.1.1","2.1.3","1.32.2","2.2.2","2.1.5","1.19.1","1.47.3","1.44.1","1.53.2","1.57.0","1.12.3","1.33.0","1.45.1","1.53.1","1.9.2","1.20.0","1.43.0","1.46.1","1.53.0","1.59.0","1.63.0","2.3.0","1.44.0","1.51.1","1.54.1","1.55.0","1.40.1","1.23.8","1.63.3","1.15.0","2.6.1","1.47.2","1.51.2","2.1.0","1.23.5","1.35.2","1.29.0","1.54.2","1.60.3","1.64.7","1.60.2","1.55.1","1.17.1","2.8.0","1.3.1","1.10.1","1.39.0","1.41.0","1.47.0","2.0.1","1.23.1","1.64.4","2.11.4","1.7.1","1.13.2","1.28.0","1.40.0","1.63.4","1.62.2","1.64.1","1.49.0","2.6.2","1.3.2","1.7.2","1.30.0","1.56.1","2.2.0","1.64.0","1.3.3","1.36.0","1.28.1","1.42.0","1.25.1","1.12.5","1.10.2","1.46.2","1.55.2","1.58.1","1.33.1","1.62.0","1.62.1","1.64.6","1.34.1","1.12.4","1.22.1","1.57.2","1.9.3","1.64.2","1.50.1","2.1.2","1.27.0","2.4.0","2.5.0","1.47.1","1.34.0","1.22.0","1.51.0","2.6.0","1.23.7","1.25.0","1.60.1","2.7.0","2.12.2","1.54.0","1.59.1","1.12.2","1.28.2","1.23.4","1.17.0","1.8.1","1.3.6","1.31.0","1.45.2","1.58.0","1.63.1","1.64.8","2.0.2","1.42.1","1.58.2","2.3.1","2.11.0","1.60.0","2.1.4","1.32.0","1.20.1","2.7.2","1.52.0","1.35.1","1.56.2","1.41.1","1.45.0","1.57.1","2.10.0","2.7.1","1.28.3","1.6.1","2.12.0","1.23.2","1.3.4","1.64.5","1.7.3","1.11.1","1.52.2","1.3.7","2.12.1","1.4.1"]}
```

## Running pre-install hooks

## Installing tool

#### Plugin call: `download_prebuilt`

**INPUT**:
```
{"context":{"proto_version":"0.58.2","temp_dir":{"path":"/temp/golangci-lint","virtual_prefix":"/temp","real_prefix":"/root/.proto/temp"},"tool_dir":{"path":"/proto/tools/golangci-lint/2.12.2","virtual_prefix":"/proto","real_prefix":"/root/.proto"},"version":"2.12.2","working_dir":{"path":"/cwd/","virtual_prefix":"/cwd","real_prefix":"/home/user/habitat"}},"install_dir":{"path":"/proto/tools/golangci-lint/2.12.2","virtual_prefix":"/proto","real_prefix":"/root/.proto"}}
```

**OUTPUT**:
```
{"checksum_name":"golangci-lint-2.12.2-checksums.txt","checksum_url":"https://github.com/golangci/golangci-lint/releases/download/v2.12.2/golangci-lint-2.12.2-checksums.txt","download_name":"golangci-lint-2.12.2-linux-amd64.tar.gz","download_url":"https://github.com/golangci/golangci-lint/releases/download/v2.12.2/golangci-lint-2.12.2-linux-amd64.tar.gz"}
```

# Failure

**ERROR**:
```
Failed to download file from https://github.com/golangci/golangci-lint/releases/download/v2.12.2/golangci-lint-2.12.2-linux-amd64.tar.gz (403 Forbidden).
```

